#
# A fatal error has been detected by the Java Runtime Environment:
#
#  SIGSEGV (0xb) at pc=0x00007efe0037b83d, pid=7342, tid=8027
#
# JRE version: OpenJDK Runtime Environment (18.0.1+12) (build 18.0.1+12)
# Java VM: OpenJDK 64-Bit Server VM (18.0.1+12, mixed mode, tiered, compressed oops, compressed class ptrs, g1 gc, linux-amd64)
# Problematic frame:
# C  [libc.so.6+0x8583d]
[timeout occurred during error reporting in step "printing problematic frame"] after 30 s.
# No core dump will be written. Core dumps have been disabled. To enable core dumping, try "ulimit -c unlimited" before starting Java again
#
# If you would like to submit a bug report, please visit:
#   https://bell-sw.com/support
#

---------------  S U M M A R Y ------------

Command Line: --add-exports=javafx.base/com.sun.javafx.event=ALL-UNNAMED --add-modules=jdk.incubator.vector --add-exports=java.desktop/com.sun.java.swing.plaf.windows=ALL-UNNAMED io.github.dsheirer.gui.SDRTrunk

Host: 
[timeout occurred during error reporting in step "printing summary machine and OS info"] after 30 s.
Time: Sat Oct 15 23:58:08 2022 EDT elapsed time: 298.914581 seconds (0d 0h 4m 58s)

---------------  T H R E A D  ---------------

Current thread (0x00007efdf8dd8580):  JavaThread "FileCloser" [_thread_in_vm, id=8027, stack(0x00007efdb40a4000,0x00007efdb41a5000)]

Stack: [0x00007efdb40a4000,0x00007efdb41a5000],  sp=0x00007efdb41a34f0,  free space=1021k
Native frames: (J=compiled Java code, j=interpreted, Vv=VM code, C=native code)
C  [libc.so.6+0x8583d]
------ Timeout during error reporting after 120 s. ------
